d:\work\vs2019程序\timenet2statetree\timenet2statetree\x64\debug\vc142.pdb
d:\work\vs2019程序\timenet2statetree\timenet2statetree\x64\debug\vc142.idb
d:\work\vs2019程序\timenet2statetree\timenet2statetree\x64\debug\judgegoal.obj
d:\work\vs2019程序\timenet2statetree\timenet2statetree\x64\debug\isnewnode.obj
d:\work\vs2019程序\timenet2statetree\timenet2statetree\x64\debug\isgoal.obj
d:\work\vs2019程序\timenet2statetree\timenet2statetree\x64\debug\isenable.obj
d:\work\vs2019程序\timenet2statetree\timenet2statetree\x64\debug\isdeadlock.obj
d:\work\vs2019程序\timenet2statetree\timenet2statetree\x64\debug\initialrootnode.obj
d:\work\vs2019程序\timenet2statetree\timenet2statetree\x64\debug\initialreachtree.obj
d:\work\vs2019程序\timenet2statetree\timenet2statetree\x64\debug\goalh.obj
d:\work\vs2019程序\timenet2statetree\timenet2statetree\x64\debug\fireinterval.obj
d:\work\vs2019程序\timenet2statetree\timenet2statetree\x64\debug\findgmin.obj
d:\work\vs2019程序\timenet2statetree\timenet2statetree\x64\debug\destory.obj
d:\work\vs2019程序\timenet2statetree\timenet2statetree\x64\debug\deletesamenode.obj
d:\work\vs2019程序\timenet2statetree\timenet2statetree\x64\debug\dataread.obj
d:\work\vs2019程序\timenet2statetree\timenet2statetree\x64\debug\createnode.obj
d:\work\vs2019程序\timenet2statetree\timenet2statetree\x64\debug\createnextnode.obj
d:\work\vs2019程序\timenet2statetree\timenet2statetree\x64\debug\completecrosslinkedlist .obj
d:\work\vs2019程序\timenet2statetree\timenet2statetree\x64\debug\cnecttwin.obj
d:\work\vs2019程序\timenet2statetree\timenet2statetree\x64\debug\cnectson.obj
d:\work\vs2019程序\timenet2statetree\timenet2statetree\x64\debug\cnectfather.obj
d:\work\vs2019程序\timenet2statetree\timenet2statetree\x64\debug\backtrans.obj
d:\work\vs2019程序\timenet2statetree\timenet2statetree\x64\debug\updateresidencetime.obj
d:\work\vs2019程序\timenet2statetree\timenet2statetree\x64\debug\updatem.obj
d:\work\vs2019程序\timenet2statetree\timenet2statetree\x64\debug\timenet2statetree.obj
d:\work\vs2019程序\timenet2statetree\timenet2statetree\x64\debug\output.obj
d:\work\vs2019程序\timenet2statetree\timenet2statetree\x64\debug\optimal.obj
d:\work\vs2019程序\timenet2statetree\timenet2statetree\x64\debug\tree2hstar.obj
d:\work\vs2019程序\timenet2statetree\x64\debug\timenet2statetree.exe
d:\work\vs2019程序\timenet2statetree\x64\debug\timenet2statetree.ilk
d:\work\vs2019程序\timenet2statetree\x64\debug\timenet2statetree.pdb
f:\github\t2s\timenet2statetree\timenet2statetree\x64\debug\astar.obj
f:\github\t2s\timenet2statetree\timenet2statetree\x64\debug\backtrans.obj
f:\github\t2s\timenet2statetree\timenet2statetree\x64\debug\cnectfather.obj
f:\github\t2s\timenet2statetree\timenet2statetree\x64\debug\cnectson.obj
f:\github\t2s\timenet2statetree\timenet2statetree\x64\debug\cnecttwin.obj
f:\github\t2s\timenet2statetree\timenet2statetree\x64\debug\completecrosslinkedlist .obj
f:\github\t2s\timenet2statetree\timenet2statetree\x64\debug\createnextnode.obj
f:\github\t2s\timenet2statetree\timenet2statetree\x64\debug\createnode.obj
f:\github\t2s\timenet2statetree\timenet2statetree\x64\debug\dataread.obj
f:\github\t2s\timenet2statetree\timenet2statetree\x64\debug\deletesamenode.obj
f:\github\t2s\timenet2statetree\timenet2statetree\x64\debug\destory.obj
f:\github\t2s\timenet2statetree\timenet2statetree\x64\debug\findgmin.obj
f:\github\t2s\timenet2statetree\timenet2statetree\x64\debug\fireinterval.obj
f:\github\t2s\timenet2statetree\timenet2statetree\x64\debug\goalh.obj
f:\github\t2s\timenet2statetree\timenet2statetree\x64\debug\initialreachtree.obj
f:\github\t2s\timenet2statetree\timenet2statetree\x64\debug\initialrootnode.obj
f:\github\t2s\timenet2statetree\timenet2statetree\x64\debug\isdeadlock.obj
f:\github\t2s\timenet2statetree\timenet2statetree\x64\debug\isenable.obj
f:\github\t2s\timenet2statetree\timenet2statetree\x64\debug\isgoal.obj
f:\github\t2s\timenet2statetree\timenet2statetree\x64\debug\isnewnode.obj
f:\github\t2s\timenet2statetree\timenet2statetree\x64\debug\judgegoal.obj
f:\github\t2s\timenet2statetree\timenet2statetree\x64\debug\optimal.obj
f:\github\t2s\timenet2statetree\timenet2statetree\x64\debug\output.obj
f:\github\t2s\timenet2statetree\timenet2statetree\x64\debug\timenet2statetree.obj
f:\github\t2s\timenet2statetree\timenet2statetree\x64\debug\tree2hstar.obj
f:\github\t2s\timenet2statetree\timenet2statetree\x64\debug\updatem.obj
f:\github\t2s\timenet2statetree\timenet2statetree\x64\debug\updateresidencetime.obj
f:\github\t2s\timenet2statetree\timenet2statetree\x64\debug\goalh.obj.enc
f:\github\t2s\timenet2statetree\timenet2statetree\x64\debug\output.obj.enc
f:\github\t2s\timenet2statetree\timenet2statetree\x64\debug\timenet2statetree.obj.enc
f:\github\t2s\timenet2statetree\timenet2statetree\x64\debug\tree2hstar.obj.enc
f:\github\t2s\timenet2statetree\timenet2statetree\x64\debug\vc141.idb
f:\github\t2s\timenet2statetree\timenet2statetree\x64\debug\vc142.idb
f:\github\t2s\timenet2statetree\timenet2statetree\x64\debug\vc141.pdb
f:\github\t2s\timenet2statetree\timenet2statetree\x64\debug\vc142.pdb
f:\github\t2s\timenet2statetree\x64\debug\timenet2statetree.pdb
f:\github\t2s\timenet2statetree\x64\debug\timenet2statetree.exe
f:\github\t2s\timenet2statetree\x64\debug\timenet2statetree.ilk
f:\github\t2s\timenet2statetree\timenet2statetree\x64\debug\timenet2.3fb5f1a6.tlog\cl.command.1.tlog
f:\github\t2s\timenet2statetree\timenet2statetree\x64\debug\timenet2.3fb5f1a6.tlog\cl.read.1.tlog
f:\github\t2s\timenet2statetree\timenet2statetree\x64\debug\timenet2.3fb5f1a6.tlog\cl.write.1.tlog
f:\github\t2s\timenet2statetree\timenet2statetree\x64\debug\timenet2.3fb5f1a6.tlog\link.command.1.tlog
f:\github\t2s\timenet2statetree\timenet2statetree\x64\debug\timenet2.3fb5f1a6.tlog\link.read.1.tlog
f:\github\t2s\timenet2statetree\timenet2statetree\x64\debug\timenet2.3fb5f1a6.tlog\link.write.1.tlog
